2021-03-29 10:16:17,1,{"url":null,"type":"POST","body":{"applicationId":"APP_059567","password":"dea36741bb53918066e544c3e3812193"},"code":0,"error":"","response":false}
2021-03-29 10:16:17,1,{"url":null,"type":"POST","body":{"applicationId":"APP_060095","password":"28c595c10052bc3784fc1f126b763ba1"},"code":0,"error":"","response":false}
2021-03-29 10:17:20,0,{"url":"https:\/\/api.dialog.lk\/subscription\/otp\/request","type":"POST","body":{"applicationId":"APP_060095","password":"28c595c10052bc3784fc1f126b763ba1","subscriberId":"tel:94775510377","applicationMetaData":{"client":"MOBILEAPP","device":"Samsung S10","os":"android 8","appCode":"https:\/\/play.google.com\/store\/apps\/details?id=lk"}},"code":200,"error":"","response":"{\"statusDetail\":\"user already registered\",\"version\":\"1.0\",\"statusCode\":\"E1351\"}"}
2021-03-29 10:17:37,0,{"url":"https:\/\/api.dialog.lk\/subscription\/getStatus","type":"POST","body":{"applicationId":"APP_060095","password":"28c595c10052bc3784fc1f126b763ba1","subscriberId":"tel:A#3B4lsFNxmJ2AxoFNXaH7RoqXspKCEW18j7OAq2gtG9ckKqiirxpK4UVIztklQack2G8"},"code":200,"error":"","response":"{\"subscriptionStatus\":\"REGISTERED\",\"statusDetail\":\"Request was successfully processed.\",\"version\":\"1.0\",\"statusCode\":\"S1000\"}"}
2021-03-29 10:22:39,1,{"url":null,"type":"POST","body":{"applicationId":"APP_059567","password":"dea36741bb53918066e544c3e3812193"},"code":0,"error":"","response":false}
2021-03-29 10:22:39,1,{"url":null,"type":"POST","body":{"applicationId":"APP_060095","password":"28c595c10052bc3784fc1f126b763ba1"},"code":0,"error":"","response":false}
2021-03-29 10:23:53,1,{"url":null,"type":"POST","body":{"applicationId":"APP_059567","password":"dea36741bb53918066e544c3e3812193"},"code":0,"error":"","response":false}
2021-03-29 10:23:53,1,{"url":null,"type":"POST","body":{"applicationId":"APP_060095","password":"28c595c10052bc3784fc1f126b763ba1"},"code":0,"error":"","response":false}
2021-03-29 10:24:03,1,{"url":null,"type":"POST","body":{"applicationId":"APP_059567","password":"dea36741bb53918066e544c3e3812193"},"code":0,"error":"","response":false}
2021-03-29 10:24:03,1,{"url":null,"type":"POST","body":{"applicationId":"APP_060095","password":"28c595c10052bc3784fc1f126b763ba1"},"code":0,"error":"","response":false}
2021-03-29 10:30:14,1,{"url":null,"type":"POST","body":{"applicationId":"APP_059567","password":"dea36741bb53918066e544c3e3812193"},"code":0,"error":"","response":false}
2021-03-29 10:30:14,1,{"url":null,"type":"POST","body":{"applicationId":"APP_060095","password":"28c595c10052bc3784fc1f126b763ba1"},"code":0,"error":"","response":false}
2021-03-29 10:30:56,1,{"url":null,"type":"POST","body":{"applicationId":"APP_059567","password":"dea36741bb53918066e544c3e3812193"},"code":0,"error":"","response":false}
2021-03-29 10:30:56,1,{"url":null,"type":"POST","body":{"applicationId":"APP_060095","password":"28c595c10052bc3784fc1f126b763ba1"},"code":0,"error":"","response":false}
2021-03-29 10:31:12,1,{"url":null,"type":"POST","body":{"applicationId":"APP_059567","password":"dea36741bb53918066e544c3e3812193"},"code":0,"error":"","response":false}
2021-03-29 10:31:12,1,{"url":null,"type":"POST","body":{"applicationId":"APP_060095","password":"28c595c10052bc3784fc1f126b763ba1"},"code":0,"error":"","response":false}
2021-03-29 10:31:21,1,{"url":null,"type":"POST","body":{"applicationId":"APP_059567","password":"dea36741bb53918066e544c3e3812193"},"code":0,"error":"","response":false}
2021-03-29 10:31:21,1,{"url":null,"type":"POST","body":{"applicationId":"APP_060095","password":"28c595c10052bc3784fc1f126b763ba1"},"code":0,"error":"","response":false}
2021-03-29 10:33:21,0,{"url":"https:\/\/api.dialog.lk\/subscription\/otp\/request","type":"POST","body":{"applicationId":"APP_059567","password":"dea36741bb53918066e544c3e3812193","subscriberId":"tel:94775510377","applicationMetaData":{"client":"MOBILEAPP","device":"Samsung S10","os":"android 8","appCode":"https:\/\/play.google.com\/store\/apps\/details?id=lk"}},"code":200,"error":"","response":"{\"referenceNo\":\"9477551037716169942007441743698\",\"statusDetail\":\"Request was successfully processed.\",\"version\":\"1.0\",\"statusCode\":\"S1000\"}"}
2021-03-29 10:34:07,0,{"url":"https:\/\/api.dialog.lk\/subscription\/otp\/verify","type":"POST","body":{"applicationId":"APP_059567","password":"dea36741bb53918066e544c3e3812193","referenceNo":"9477551037716169942007441743698","otp":"854584"},"code":200,"error":"","response":"{\"subscriptionStatus\":\"INITIAL CHARGING PENDING\",\"subscriberId\":\"tel:A#3B4lsFNxmJ2AxoFNXaH7RoqXspKCEW18j7OAq2gtG9ckKp\/x++BnYSL0Jq5E5\/tWPpR\",\"statusDetail\":\"Success\",\"version\":\"1.0\",\"statusCode\":\"S1000\"}"}
2021-03-29 10:34:35,0,{"url":"https:\/\/api.dialog.lk\/subscription\/getStatus","type":"POST","body":{"applicationId":"APP_059567","password":"dea36741bb53918066e544c3e3812193","subscriberId":"tel:A#3B4lsFNxmJ2AxoFNXaH7RoqXspKCEW18j7OAq2gtG9ckKp\/x++BnYSL0Jq5E5\/tWPpR"},"code":200,"error":"","response":"{\"subscriptionStatus\":\"REGISTERED\",\"statusDetail\":\"Request was successfully processed.\",\"version\":\"1.0\",\"statusCode\":\"S1000\"}"}
2021-03-29 10:35:16,1,{"url":null,"type":"POST","body":{"applicationId":"APP_059567","password":"dea36741bb53918066e544c3e3812193"},"code":0,"error":"","response":false}
2021-03-29 10:35:16,1,{"url":null,"type":"POST","body":{"applicationId":"APP_060095","password":"28c595c10052bc3784fc1f126b763ba1"},"code":0,"error":"","response":false}
2021-03-29 10:36:01,1,{"url":null,"type":"POST","body":{"applicationId":"APP_059567","password":"dea36741bb53918066e544c3e3812193"},"code":0,"error":"","response":false}
2021-03-29 10:36:01,1,{"url":null,"type":"POST","body":{"applicationId":"APP_060095","password":"28c595c10052bc3784fc1f126b763ba1"},"code":0,"error":"","response":false}
2021-03-29 10:36:17,1,{"url":null,"type":"POST","body":{"applicationId":"APP_059567","password":"dea36741bb53918066e544c3e3812193"},"code":0,"error":"","response":false}
2021-03-29 10:36:17,1,{"url":null,"type":"POST","body":{"applicationId":"APP_060095","password":"28c595c10052bc3784fc1f126b763ba1"},"code":0,"error":"","response":false}
2021-03-29 10:40:24,1,{"url":null,"type":"POST","body":{"applicationId":"APP_059567","password":"dea36741bb53918066e544c3e3812193"},"code":0,"error":"","response":false}
2021-03-29 10:40:24,1,{"url":null,"type":"POST","body":{"applicationId":"APP_060095","password":"28c595c10052bc3784fc1f126b763ba1"},"code":0,"error":"","response":false}
2021-03-29 10:40:49,1,{"url":null,"type":"POST","body":{"applicationId":"APP_059567","password":"dea36741bb53918066e544c3e3812193"},"code":0,"error":"","response":false}
2021-03-29 10:40:49,1,{"url":null,"type":"POST","body":{"applicationId":"APP_060095","password":"28c595c10052bc3784fc1f126b763ba1"},"code":0,"error":"","response":false}
2021-03-29 10:41:22,1,{"url":null,"type":"POST","body":{"applicationId":"APP_059567","password":"dea36741bb53918066e544c3e3812193"},"code":0,"error":"","response":false}
2021-03-29 10:41:22,1,{"url":null,"type":"POST","body":{"applicationId":"APP_060095","password":"28c595c10052bc3784fc1f126b763ba1"},"code":0,"error":"","response":false}
2021-03-29 11:30:27,0,{"url":"https:\/\/api.dialog.lk\/subscription\/getStatus","type":"POST","body":{"applicationId":"APP_059567","password":"dea36741bb53918066e544c3e3812193","subscriberId":"tel:AZ110rv652BzZWpkVBd\/uTXgPMiLLuDjeP1FL5\/\/+c1zQQGmLX8wfF2pXafZV+fzkW5uU"},"code":200,"error":"","response":"{\"subscriptionStatus\":\"TEMPORARY BLOCKED\",\"statusDetail\":\"Request was successfully processed.\",\"version\":\"1.0\",\"statusCode\":\"S1000\"}"}
2021-03-29 11:31:15,0,{"url":"https:\/\/api.dialog.lk\/subscription\/getStatus","type":"POST","body":{"applicationId":"APP_059567","password":"dea36741bb53918066e544c3e3812193","subscriberId":"tel:B%3C4+99wsAMXlIRj6J7gHlb6Qin5Fzc17tPlhhs412pEHB\/Kkm2inIQaHpVmkIz+PKWX"},"code":200,"error":"","response":"{\"subscriptionStatus\":\"REGISTERED\",\"statusDetail\":\"Request was successfully processed.\",\"version\":\"1.0\",\"statusCode\":\"S1000\"}"}
2021-03-29 11:31:38,0,{"url":"https:\/\/api.dialog.lk\/subscription\/getStatus","type":"POST","body":{"applicationId":"APP_059567","password":"dea36741bb53918066e544c3e3812193","subscriberId":"tel:A#3B4PcvYa7gRvJHoW\/EN5VfUHeOUbq+7R5xpidq7rs38Cak0\/cIlpNzvQMDErn+ykUHb"},"code":200,"error":"","response":"{\"subscriptionStatus\":\"TEMPORARY BLOCKED\",\"statusDetail\":\"Request was successfully processed.\",\"version\":\"1.0\",\"statusCode\":\"S1000\"}"}
2021-03-29 11:31:50,1,{"url":null,"type":"POST","body":{"applicationId":"APP_059567","password":"dea36741bb53918066e544c3e3812193"},"code":0,"error":"","response":false}
2021-03-29 11:31:50,1,{"url":null,"type":"POST","body":{"applicationId":"APP_060095","password":"28c595c10052bc3784fc1f126b763ba1"},"code":0,"error":"","response":false}
2021-03-29 11:32:07,1,{"url":null,"type":"POST","body":{"applicationId":"APP_059567","password":"dea36741bb53918066e544c3e3812193"},"code":0,"error":"","response":false}
2021-03-29 11:32:07,1,{"url":null,"type":"POST","body":{"applicationId":"APP_060095","password":"28c595c10052bc3784fc1f126b763ba1"},"code":0,"error":"","response":false}
