2021-03-27 23:35:32,0,{"url":"https:\/\/api.dialog.lk\/subscription\/otp\/request","type":"POST","body":{"applicationId":"APP_060095","password":"28c595c10052bc3784fc1f126b763ba1","subscriberId":"tel:947775510377","applicationMetaData":{"client":"MOBILEAPP","device":"Samsung S10","os":"android 8","appCode":"https:\/\/play.google.com\/store\/apps\/details?id=lk"}},"code":200,"error":"","response":"{\"statusDetail\":\"Requested ApplicationID is not allowed within the System for operator unknown.\",\"version\":\"1.0\",\"statusCode\":\"E1301\"}"}
2021-03-27 23:38:32,0,{"url":"https:\/\/api.dialog.lk\/subscription\/otp\/request","type":"POST","body":{"applicationId":"APP_060095","password":"28c595c10052bc3784fc1f126b763ba1","subscriberId":"tel:94775510377"},"code":200,"error":"","response":"{\"statusDetail\":\"Invalid request - Missing mandatory field [applicationMetaData]\",\"version\":\"1.0\",\"statusCode\":\"E1312\"}"}
2021-03-27 23:39:13,0,{"url":"https:\/\/api.dialog.lk\/subscription\/otp\/request","type":"POST","body":{"applicationId":"APP_060095","password":"28c595c10052bc3784fc1f126b763ba1","subscriberId":"tel:94775510377","applicationMetaData":{"client":"MOBILEAPP","device":"Samsung S10","os":"android 8","appCode":"https:\/\/play.google.com\/store\/apps\/details?id=lk"}},"code":200,"error":"","response":"{\"referenceNo\":\"9477551037716168685530611733920\",\"statusDetail\":\"Request was successfully processed.\",\"version\":\"1.0\",\"statusCode\":\"S1000\"}"}
2021-03-27 23:45:55,0,{"url":"https:\/\/api.dialog.lk\/subscription\/otp\/verify","type":"POST","body":{"applicationId":"APP_060095","password":"28c595c10052bc3784fc1f126b763ba1","referenceNo":"9477551037716168685530611733920","otp":"717117"},"code":200,"error":"","response":"{\"subscriptionStatus\":\"INITIAL CHARGING PENDING\",\"subscriberId\":\"tel:A#3B4lsFNxmJ2AxoFNXaH7RoqXspKCEW18j7OAq2gtG9ckKqiirxpK4UVIztklQack2G8\",\"statusDetail\":\"Success\",\"version\":\"1.0\",\"statusCode\":\"S1000\"}"}
2021-03-27 23:46:23,1,{"url":null,"type":"POST","body":{"applicationId":"APP_059567","password":"dea36741bb53918066e544c3e3812193"},"code":0,"error":"","response":false}
2021-03-27 23:46:23,1,{"url":null,"type":"POST","body":{"applicationId":"APP_060095","password":"28c595c10052bc3784fc1f126b763ba1"},"code":0,"error":"","response":false}
2021-03-27 23:46:43,1,{"url":null,"type":"POST","body":{"applicationId":"APP_059567","password":"dea36741bb53918066e544c3e3812193"},"code":0,"error":"","response":false}
2021-03-27 23:46:43,1,{"url":null,"type":"POST","body":{"applicationId":"APP_060095","password":"28c595c10052bc3784fc1f126b763ba1"},"code":0,"error":"","response":false}
2021-03-27 23:47:03,1,{"url":null,"type":"POST","body":{"applicationId":"APP_059567","password":"dea36741bb53918066e544c3e3812193"},"code":0,"error":"","response":false}
2021-03-27 23:47:03,1,{"url":null,"type":"POST","body":{"applicationId":"APP_060095","password":"28c595c10052bc3784fc1f126b763ba1"},"code":0,"error":"","response":false}
2021-03-27 23:47:06,1,{"url":null,"type":"POST","body":{"applicationId":"APP_059567","password":"dea36741bb53918066e544c3e3812193"},"code":0,"error":"","response":false}
2021-03-27 23:47:06,1,{"url":null,"type":"POST","body":{"applicationId":"APP_060095","password":"28c595c10052bc3784fc1f126b763ba1"},"code":0,"error":"","response":false}
2021-03-27 23:49:54,1,{"url":null,"type":"POST","body":{"applicationId":"APP_059567","password":"dea36741bb53918066e544c3e3812193"},"code":0,"error":"","response":false}
2021-03-27 23:49:54,1,{"url":null,"type":"POST","body":{"applicationId":"APP_060095","password":"28c595c10052bc3784fc1f126b763ba1"},"code":0,"error":"","response":false}
2021-03-27 23:50:12,1,{"url":null,"type":"POST","body":{"applicationId":"APP_059567","password":"dea36741bb53918066e544c3e3812193"},"code":0,"error":"","response":false}
2021-03-27 23:50:12,1,{"url":null,"type":"POST","body":{"applicationId":"APP_060095","password":"28c595c10052bc3784fc1f126b763ba1"},"code":0,"error":"","response":false}
2021-03-27 23:50:17,1,{"url":null,"type":"POST","body":{"applicationId":"APP_059567","password":"dea36741bb53918066e544c3e3812193"},"code":0,"error":"","response":false}
2021-03-27 23:50:17,1,{"url":null,"type":"POST","body":{"applicationId":"APP_060095","password":"28c595c10052bc3784fc1f126b763ba1"},"code":0,"error":"","response":false}
2021-03-27 23:50:38,1,{"url":null,"type":"POST","body":{"applicationId":"APP_059567","password":"dea36741bb53918066e544c3e3812193"},"code":0,"error":"","response":false}
2021-03-27 23:50:38,1,{"url":null,"type":"POST","body":{"applicationId":"APP_060095","password":"28c595c10052bc3784fc1f126b763ba1"},"code":0,"error":"","response":false}
2021-03-27 23:55:30,0,{"url":"https:\/\/api.dialog.lk\/subscription\/otp\/request","type":"POST","body":{"applicationId":"APP_060095","password":"28c595c10052bc3784fc1f126b763ba1","subscriberId":"tel:94775510377","applicationMetaData":{"client":"MOBILEAPP","device":"Samsung S10","os":"android 8","appCode":"https:\/\/play.google.com\/store\/apps\/details?id=lk"}},"code":200,"error":"","response":"{\"statusDetail\":\"user already registered\",\"version\":\"1.0\",\"statusCode\":\"E1351\"}"}
